www-data:/var/www
uuidd:/run/uuidd
uucp:/var/spool/uucp
tcpdump:/nonexistent
systemd-timesync:/run/systemd
systemd-resolve:/run/systemd
systemd-network:/run/systemd
syslog:/home/syslog
sys:/dev
sync:/bin
root:/root
proxy:/bin
nobody:/nonexistent
news:/var/spool/news
messagebus:/nonexistent
man:/var/cache/man
mail:/var/mail
lp:/var/spool/lpd
list:/var/list
landscape:/var/lib/landscape
kurys:/home/kurys
irc:/run/ircd
gnats:/var/lib/gnats
games:/usr/games
daemon:/usr/sbin
bin:/bin
backup:/var/backups
_apt:/nonexistent
